# JRE version: OpenJDK Runtime Environment (21.0+35) (build 21+35-2513)
# Java VM: OpenJDK 64-Bit Server VM (21+35-2513, mixed mode, sharing, tiered, compressed oops, compressed class ptrs, g1 gc, windows-amd64)
GC Precious Log:
 CardTable entry size: 512
 Card Set container configuration: InlinePtr #cards 4 size 8 Array Of Cards #cards 16 size 48 Howl #buckets 8 coarsen threshold 3686 Howl Bitmap #cards 512 size 80 coarsen threshold 460 Card regions per heap region 1 cards per card region 4096
 CPUs: 12 total, 12 available
 Memory: 16215M
 Large Page Support: Disabled
 NUMA Support: Disabled
 Compressed Oops: Enabled (Zero based)
 Heap Region Size: 2M
 Heap Min Capacity: 8M
 Heap Initial Capacity: 254M
 Heap Max Capacity: 4054M
 Pre-touch: Disabled
 Parallel Workers: 10
 Concurrent Workers: 3
 Concurrent Refinement Workers: 10
 Periodic GC: Disabled
Heap:
 garbage-first heap   total 260096K, used 63790K [0x0000000702a00000, 0x0000000800000000)
  region size 2048K, 12 young (24576K), 1 survivors (2048K)
 Metaspace       used 16135K, committed 16384K, reserved 1114112K
  class space    used 1954K, committed 2048K, reserved 1048576K
GC Heap History (20 events):
Event: 28.226 GC heap before
{Heap before GC invocations=16 (full 0):
 garbage-first heap   total 260096K, used 190587K [0x0000000702a00000, 0x0000000800000000)
  region size 2048K, 40 young (81920K), 2 survivors (4096K)
 Metaspace       used 15953K, committed 16256K, reserved 1114112K
  class space    used 1932K, committed 2048K, reserved 1048576K
}
Event: 28.228 GC heap after
{Heap after GC invocations=17 (full 0):
 garbage-first heap   total 260096K, used 6532K [0x0000000702a00000, 0x0000000800000000)
  region size 2048K, 1 young (2048K), 1 survivors (2048K)
 Metaspace       used 15953K, committed 16256K, reserved 1114112K
  class space    used 1932K, committed 2048K, reserved 1048576K
}
Event: 29.554 GC heap before
{Heap before GC invocations=17 (full 0):
 garbage-first heap   total 260096K, used 190852K [0x0000000702a00000, 0x0000000800000000)
  region size 2048K, 39 young (79872K), 1 survivors (2048K)
 Metaspace       used 15955K, committed 16256K, reserved 1114112K
  class space    used 1932K, committed 2048K, reserved 1048576K
}
Event: 29.555 GC heap after
{Heap after GC invocations=18 (full 0):
 garbage-first heap   total 260096K, used 6469K [0x0000000702a00000, 0x0000000800000000)
  region size 2048K, 1 young (2048K), 1 survivors (2048K)
 Metaspace       used 15955K, committed 16256K, reserved 1114112K
  class space    used 1932K, committed 2048K, reserved 1048576K
}
Event: 30.714 GC heap before
{Heap before GC invocations=18 (full 0):
 garbage-first heap   total 260096K, used 176453K [0x0000000702a00000, 0x0000000800000000)
  region size 2048K, 35 young (71680K), 1 survivors (2048K)
 Metaspace       used 15959K, committed 16256K, reserved 1114112K
  class space    used 1932K, committed 2048K, reserved 1048576K
}
Event: 30.715 GC heap after
{Heap after GC invocations=19 (full 0):
 garbage-first heap   total 260096K, used 12574K [0x0000000702a00000, 0x0000000800000000)
  region size 2048K, 1 young (2048K), 1 survivors (2048K)
 Metaspace       used 15959K, committed 16256K, reserved 1114112K
  class space    used 1932K, committed 2048K, reserved 1048576K
}
Event: 31.905 GC heap before
{Heap before GC invocations=19 (full 0):
 garbage-first heap   total 260096K, used 176414K [0x0000000702a00000, 0x0000000800000000)
  region size 2048K, 35 young (71680K), 1 survivors (2048K)
 Metaspace       used 15959K, committed 16256K, reserved 1114112K
  class space    used 1932K, committed 2048K, reserved 1048576K
}
Event: 31.906 GC heap after
{Heap after GC invocations=20 (full 0):
 garbage-first heap   total 260096K, used 12570K [0x0000000702a00000, 0x0000000800000000)
  region size 2048K, 1 young (2048K), 1 survivors (2048K)
 Metaspace       used 15959K, committed 16256K, reserved 1114112K
  class space    used 1932K, committed 2048K, reserved 1048576K
}
Event: 33.055 GC heap before
{Heap before GC invocations=20 (full 0):
 garbage-first heap   total 260096K, used 176410K [0x0000000702a00000, 0x0000000800000000)
  region size 2048K, 35 young (71680K), 1 survivors (2048K)
 Metaspace       used 15961K, committed 16256K, reserved 1114112K
  class space    used 1932K, committed 2048K, reserved 1048576K
}
Event: 33.056 GC heap after
{Heap after GC invocations=21 (full 0):
 garbage-first heap   total 260096K, used 12572K [0x0000000702a00000, 0x0000000800000000)
  region size 2048K, 1 young (2048K), 1 survivors (2048K)
 Metaspace       used 15961K, committed 16256K, reserved 1114112K
  class space    used 1932K, committed 2048K, reserved 1048576K
}
Event: 34.215 GC heap before
{Heap before GC invocations=21 (full 0):
 garbage-first heap   total 260096K, used 176412K [0x0000000702a00000, 0x0000000800000000)
  region size 2048K, 35 young (71680K), 1 survivors (2048K)
 Metaspace       used 15962K, committed 16256K, reserved 1114112K
  class space    used 1932K, committed 2048K, reserved 1048576K
}
Event: 34.215 GC heap after
{Heap after GC invocations=22 (full 0):
 garbage-first heap   total 260096K, used 12574K [0x0000000702a00000, 0x0000000800000000)
  region size 2048K, 1 young (2048K), 1 survivors (2048K)
 Metaspace       used 15962K, committed 16256K, reserved 1114112K
  class space    used 1932K, committed 2048K, reserved 1048576K
}
Event: 35.398 GC heap before
{Heap before GC invocations=22 (full 0):
 garbage-first heap   total 260096K, used 176414K [0x0000000702a00000, 0x0000000800000000)
  region size 2048K, 35 young (71680K), 1 survivors (2048K)
 Metaspace       used 15963K, committed 16256K, reserved 1114112K
  class space    used 1932K, committed 2048K, reserved 1048576K
}
Event: 35.399 GC heap after
{Heap after GC invocations=23 (full 0):
 garbage-first heap   total 260096K, used 12574K [0x0000000702a00000, 0x0000000800000000)
  region size 2048K, 1 young (2048K), 1 survivors (2048K)
 Metaspace       used 15963K, committed 16256K, reserved 1114112K
  class space    used 1932K, committed 2048K, reserved 1048576K
}
Event: 36.546 GC heap before
{Heap before GC invocations=23 (full 0):
 garbage-first heap   total 260096K, used 176414K [0x0000000702a00000, 0x0000000800000000)
  region size 2048K, 35 young (71680K), 1 survivors (2048K)
 Metaspace       used 15966K, committed 16256K, reserved 1114112K
  class space    used 1932K, committed 2048K, reserved 1048576K
}
Event: 36.547 GC heap after
{Heap after GC invocations=24 (full 0):
 garbage-first heap   total 260096K, used 12582K [0x0000000702a00000, 0x0000000800000000)
  region size 2048K, 1 young (2048K), 1 survivors (2048K)
 Metaspace       used 15966K, committed 16256K, reserved 1114112K
  class space    used 1932K, committed 2048K, reserved 1048576K
}
Event: 37.779 GC heap before
{Heap before GC invocations=24 (full 0):
 garbage-first heap   total 260096K, used 176422K [0x0000000702a00000, 0x0000000800000000)
  region size 2048K, 35 young (71680K), 1 survivors (2048K)
 Metaspace       used 15972K, committed 16256K, reserved 1114112K
  class space    used 1932K, committed 2048K, reserved 1048576K
}
Event: 37.780 GC heap after
{Heap after GC invocations=25 (full 0):
 garbage-first heap   total 260096K, used 12590K [0x0000000702a00000, 0x0000000800000000)
  region size 2048K, 1 young (2048K), 1 survivors (2048K)
 Metaspace       used 15972K, committed 16256K, reserved 1114112K
  class space    used 1932K, committed 2048K, reserved 1048576K
}
Event: 39.053 GC heap before
{Heap before GC invocations=25 (full 0):
 garbage-first heap   total 260096K, used 176430K [0x0000000702a00000, 0x0000000800000000)
  region size 2048K, 35 young (71680K), 1 survivors (2048K)
 Metaspace       used 15974K, committed 16256K, reserved 1114112K
  class space    used 1932K, committed 2048K, reserved 1048576K
}
Event: 39.054 GC heap after
{Heap after GC invocations=26 (full 0):
 garbage-first heap   total 260096K, used 12590K [0x0000000702a00000, 0x0000000800000000)
  region size 2048K, 1 young (2048K), 1 survivors (2048K)
 Metaspace       used 15974K, committed 16256K, reserved 1114112K
  class space    used 1932K, committed 2048K, reserved 1048576K
}

